{"E:\\whiteapi-express-ts\\dist\\App.js":{"path":"E:\\whiteapi-express-ts\\dist\\App.js","s":{"1":1,"2":1,"3":1,"4":1,"5":1,"6":1,"7":1,"8":1,"9":1,"10":1,"11":1,"12":1,"13":1,"14":1,"15":1,"16":1,"17":1,"18":1,"19":1,"20":1,"21":1,"22":1,"23":1},"b":{},"f":{"1":1,"2":1},"fnMap":{"1":{"name":"(anonymous_1)","line":16,"loc":{"start":{"line":16,"column":15},"end":{"line":16,"column":18}}},"2":{"name":"(anonymous_2)","line":50,"loc":{"start":{"line":50,"column":14},"end":{"line":50,"column":17}}}},"statementMap":{"1":{"start":{"line":2,"column":0},"end":{"line":2,"column":62}},"2":{"start":{"line":3,"column":0},"end":{"line":3,"column":28}},"3":{"start":{"line":4,"column":0},"end":{"line":4,"column":42}},"4":{"start":{"line":5,"column":0},"end":{"line":5,"column":33}},"5":{"start":{"line":6,"column":0},"end":{"line":6,"column":61}},"6":{"start":{"line":7,"column":0},"end":{"line":7,"column":35}},"7":{"start":{"line":8,"column":0},"end":{"line":8,"column":37}},"8":{"start":{"line":9,"column":0},"end":{"line":9,"column":33}},"9":{"start":{"line":10,"column":0},"end":{"line":10,"column":29}},"10":{"start":{"line":12,"column":0},"end":{"line":12,"column":67}},"11":{"start":{"line":13,"column":0},"end":{"line":13,"column":67}},"12":{"start":{"line":14,"column":0},"end":{"line":14,"column":69}},"13":{"start":{"line":17,"column":8},"end":{"line":17,"column":27}},"14":{"start":{"line":18,"column":8},"end":{"line":18,"column":132}},"15":{"start":{"line":19,"column":8},"end":{"line":23,"column":10}},"16":{"start":{"line":24,"column":8},"end":{"line":24,"column":63}},"17":{"start":{"line":25,"column":8},"end":{"line":25,"column":51}},"18":{"start":{"line":28,"column":8},"end":{"line":42,"column":11}},"19":{"start":{"line":44,"column":8},"end":{"line":47,"column":11}},"20":{"start":{"line":48,"column":8},"end":{"line":48,"column":43}},"21":{"start":{"line":51,"column":8},"end":{"line":51,"column":87}},"22":{"start":{"line":52,"column":8},"end":{"line":52,"column":34}},"23":{"start":{"line":55,"column":0},"end":{"line":55,"column":36}}},"branchMap":{}},"E:\\whiteapi-express-ts\\dist\\controllers\\Home.controller.js":{"path":"E:\\whiteapi-express-ts\\dist\\controllers\\Home.controller.js","s":{"1":1,"2":2,"3":2,"4":2,"5":0,"6":0,"7":0,"8":2,"9":1,"10":3,"11":3,"12":1,"13":1,"14":1,"15":1,"16":1,"17":1,"18":1},"b":{"1":[1,1,1],"2":[1,1],"3":[1,0],"4":[2,0],"5":[2,2],"6":[0,0],"7":[0,0],"8":[0,0],"9":[0,0],"10":[2,1,1],"11":[1,1,1],"12":[3,0],"13":[3,3]},"f":{"1":2,"2":3,"3":1},"fnMap":{"1":{"name":"(anonymous_1)","line":2,"loc":{"start":{"line":2,"column":46},"end":{"line":2,"column":87}}},"2":{"name":"(anonymous_2)","line":8,"loc":{"start":{"line":8,"column":46},"end":{"line":8,"column":62}}},"3":{"name":"(anonymous_3)","line":14,"loc":{"start":{"line":14,"column":14},"end":{"line":14,"column":17}}}},"statementMap":{"1":{"start":{"line":2,"column":0},"end":{"line":7,"column":2}},"2":{"start":{"line":3,"column":4},"end":{"line":3,"column":129}},"3":{"start":{"line":4,"column":4},"end":{"line":5,"column":150}},"4":{"start":{"line":4,"column":79},"end":{"line":4,"column":131}},"5":{"start":{"line":5,"column":9},"end":{"line":5,"column":150}},"6":{"start":{"line":5,"column":58},"end":{"line":5,"column":150}},"7":{"start":{"line":5,"column":81},"end":{"line":5,"column":150}},"8":{"start":{"line":6,"column":4},"end":{"line":6,"column":66}},"9":{"start":{"line":8,"column":0},"end":{"line":10,"column":2}},"10":{"start":{"line":9,"column":4},"end":{"line":9,"column":109}},"11":{"start":{"line":9,"column":79},"end":{"line":9,"column":109}},"12":{"start":{"line":11,"column":0},"end":{"line":11,"column":62}},"13":{"start":{"line":12,"column":0},"end":{"line":12,"column":61}},"14":{"start":{"line":13,"column":0},"end":{"line":17,"column":2}},"15":{"start":{"line":15,"column":8},"end":{"line":15,"column":31}},"16":{"start":{"line":18,"column":0},"end":{"line":23,"column":49}},"17":{"start":{"line":24,"column":0},"end":{"line":26,"column":19}},"18":{"start":{"line":27,"column":0},"end":{"line":27,"column":40}}},"branchMap":{"1":{"line":2,"type":"binary-expr","locations":[{"start":{"line":2,"column":18},"end":{"line":2,"column":22}},{"start":{"line":2,"column":26},"end":{"line":2,"column":41}},{"start":{"line":2,"column":46},"end":{"line":7,"column":1}}]},"2":{"line":3,"type":"cond-expr","locations":[{"start":{"line":3,"column":42},"end":{"line":3,"column":48}},{"start":{"line":3,"column":51},"end":{"line":3,"column":125}}]},"3":{"line":3,"type":"cond-expr","locations":[{"start":{"line":3,"column":67},"end":{"line":3,"column":118}},{"start":{"line":3,"column":121},"end":{"line":3,"column":125}}]},"4":{"line":4,"type":"if","locations":[{"start":{"line":4,"column":4},"end":{"line":4,"column":4}},{"start":{"line":4,"column":4},"end":{"line":4,"column":4}}]},"5":{"line":4,"type":"binary-expr","locations":[{"start":{"line":4,"column":8},"end":{"line":4,"column":35}},{"start":{"line":4,"column":39},"end":{"line":4,"column":77}}]},"6":{"line":5,"type":"if","locations":[{"start":{"line":5,"column":58},"end":{"line":5,"column":58}},{"start":{"line":5,"column":58},"end":{"line":5,"column":58}}]},"7":{"line":5,"type":"binary-expr","locations":[{"start":{"line":5,"column":86},"end":{"line":5,"column":143}},{"start":{"line":5,"column":148},"end":{"line":5,"column":149}}]},"8":{"line":5,"type":"cond-expr","locations":[{"start":{"line":5,"column":94},"end":{"line":5,"column":98}},{"start":{"line":5,"column":101},"end":{"line":5,"column":143}}]},"9":{"line":5,"type":"cond-expr","locations":[{"start":{"line":5,"column":109},"end":{"line":5,"column":126}},{"start":{"line":5,"column":129},"end":{"line":5,"column":143}}]},"10":{"line":6,"type":"binary-expr","locations":[{"start":{"line":6,"column":11},"end":{"line":6,"column":16}},{"start":{"line":6,"column":20},"end":{"line":6,"column":21}},{"start":{"line":6,"column":25},"end":{"line":6,"column":62}}]},"11":{"line":8,"type":"binary-expr","locations":[{"start":{"line":8,"column":18},"end":{"line":8,"column":22}},{"start":{"line":8,"column":26},"end":{"line":8,"column":41}},{"start":{"line":8,"column":46},"end":{"line":10,"column":1}}]},"12":{"line":9,"type":"if","locations":[{"start":{"line":9,"column":4},"end":{"line":9,"column":4}},{"start":{"line":9,"column":4},"end":{"line":9,"column":4}}]},"13":{"line":9,"type":"binary-expr","locations":[{"start":{"line":9,"column":8},"end":{"line":9,"column":35}},{"start":{"line":9,"column":39},"end":{"line":9,"column":77}}]}}},"E:\\whiteapi-express-ts\\dist\\controllers\\Auth.controller.js":{"path":"E:\\whiteapi-express-ts\\dist\\controllers\\Auth.controller.js","s":{"1":1,"2":3,"3":3,"4":3,"5":0,"6":0,"7":0,"8":3,"9":1,"10":7,"11":7,"12":1,"13":3,"14":3,"15":1,"16":0,"17":1,"18":0,"19":0,"20":0,"21":1,"22":0,"23":0,"24":0,"25":1,"26":0,"27":0,"28":0,"29":1,"30":1,"31":1,"32":1,"33":1,"34":1,"35":1,"36":1,"37":1,"38":1,"39":0,"40":0,"41":0,"42":0,"43":0,"44":0,"45":0,"46":0,"47":0,"48":0,"49":0,"50":0,"51":0,"52":0,"53":0,"54":1,"55":1,"56":1,"57":1},"b":{"1":[1,1,1],"2":[1,2],"3":[2,0],"4":[3,0],"5":[3,3],"6":[0,0],"7":[0,0],"8":[0,0],"9":[0,0],"10":[3,2,2],"11":[1,1,1],"12":[7,0],"13":[7,7],"14":[1,1,1],"15":[1,1,1],"16":[0,0],"17":[0,0],"18":[0,0],"19":[0,0]},"f":{"1":3,"2":7,"3":3,"4":3,"5":0,"6":0,"7":0,"8":0,"9":0,"10":0,"11":0,"12":0,"13":0,"14":0,"15":0},"fnMap":{"1":{"name":"(anonymous_1)","line":2,"loc":{"start":{"line":2,"column":46},"end":{"line":2,"column":87}}},"2":{"name":"(anonymous_2)","line":8,"loc":{"start":{"line":8,"column":46},"end":{"line":8,"column":62}}},"3":{"name":"(anonymous_3)","line":11,"loc":{"start":{"line":11,"column":40},"end":{"line":11,"column":73}}},"4":{"name":"(anonymous_4)","line":12,"loc":{"start":{"line":12,"column":11},"end":{"line":12,"column":34}}},"5":{"name":"(anonymous_5)","line":14,"loc":{"start":{"line":14,"column":44},"end":{"line":14,"column":89}}},"6":{"name":"(anonymous_6)","line":15,"loc":{"start":{"line":15,"column":36},"end":{"line":15,"column":63}}},"7":{"name":"fulfilled","line":16,"loc":{"start":{"line":16,"column":8},"end":{"line":16,"column":34}}},"8":{"name":"rejected","line":17,"loc":{"start":{"line":17,"column":8},"end":{"line":17,"column":33}}},"9":{"name":"step","line":18,"loc":{"start":{"line":18,"column":8},"end":{"line":18,"column":30}}},"10":{"name":"(anonymous_10)","line":18,"loc":{"start":{"line":18,"column":76},"end":{"line":18,"column":95}}},"11":{"name":"(anonymous_11)","line":32,"loc":{"start":{"line":32,"column":15},"end":{"line":32,"column":30}}},"12":{"name":"(anonymous_12)","line":35,"loc":{"start":{"line":35,"column":9},"end":{"line":35,"column":27}}},"13":{"name":"(anonymous_13)","line":36,"loc":{"start":{"line":36,"column":47},"end":{"line":36,"column":60}}},"14":{"name":"(anonymous_14)","line":54,"loc":{"start":{"line":54,"column":12},"end":{"line":54,"column":19}}},"15":{"name":"(anonymous_15)","line":55,"loc":{"start":{"line":55,"column":47},"end":{"line":55,"column":60}}}},"statementMap":{"1":{"start":{"line":2,"column":0},"end":{"line":7,"column":2}},"2":{"start":{"line":3,"column":4},"end":{"line":3,"column":129}},"3":{"start":{"line":4,"column":4},"end":{"line":5,"column":150}},"4":{"start":{"line":4,"column":79},"end":{"line":4,"column":131}},"5":{"start":{"line":5,"column":9},"end":{"line":5,"column":150}},"6":{"start":{"line":5,"column":58},"end":{"line":5,"column":150}},"7":{"start":{"line":5,"column":81},"end":{"line":5,"column":150}},"8":{"start":{"line":6,"column":4},"end":{"line":6,"column":66}},"9":{"start":{"line":8,"column":0},"end":{"line":10,"column":2}},"10":{"start":{"line":9,"column":4},"end":{"line":9,"column":109}},"11":{"start":{"line":9,"column":79},"end":{"line":9,"column":109}},"12":{"start":{"line":11,"column":0},"end":{"line":13,"column":2}},"13":{"start":{"line":12,"column":4},"end":{"line":12,"column":73}},"14":{"start":{"line":12,"column":36},"end":{"line":12,"column":71}},"15":{"start":{"line":14,"column":0},"end":{"line":21,"column":2}},"16":{"start":{"line":15,"column":4},"end":{"line":20,"column":7}},"17":{"start":{"line":16,"column":8},"end":{"line":16,"column":99}},"18":{"start":{"line":16,"column":36},"end":{"line":16,"column":97}},"19":{"start":{"line":16,"column":42},"end":{"line":16,"column":70}},"20":{"start":{"line":16,"column":85},"end":{"line":16,"column":95}},"21":{"start":{"line":17,"column":8},"end":{"line":17,"column":102}},"22":{"start":{"line":17,"column":35},"end":{"line":17,"column":100}},"23":{"start":{"line":17,"column":41},"end":{"line":17,"column":73}},"24":{"start":{"line":17,"column":88},"end":{"line":17,"column":98}},"25":{"start":{"line":18,"column":8},"end":{"line":18,"column":151}},"26":{"start":{"line":18,"column":32},"end":{"line":18,"column":149}},"27":{"start":{"line":18,"column":97},"end":{"line":18,"column":119}},"28":{"start":{"line":19,"column":8},"end":{"line":19,"column":78}},"29":{"start":{"line":22,"column":0},"end":{"line":22,"column":62}},"30":{"start":{"line":23,"column":0},"end":{"line":23,"column":28}},"31":{"start":{"line":24,"column":0},"end":{"line":24,"column":55}},"32":{"start":{"line":25,"column":0},"end":{"line":25,"column":36}},"33":{"start":{"line":26,"column":0},"end":{"line":26,"column":33}},"34":{"start":{"line":27,"column":0},"end":{"line":27,"column":61}},"35":{"start":{"line":28,"column":0},"end":{"line":28,"column":57}},"36":{"start":{"line":29,"column":0},"end":{"line":29,"column":61}},"37":{"start":{"line":30,"column":0},"end":{"line":30,"column":59}},"38":{"start":{"line":31,"column":0},"end":{"line":65,"column":2}},"39":{"start":{"line":33,"column":8},"end":{"line":33,"column":41}},"40":{"start":{"line":36,"column":8},"end":{"line":52,"column":11}},"41":{"start":{"line":37,"column":12},"end":{"line":51,"column":13}},"42":{"start":{"line":39,"column":16},"end":{"line":39,"column":74}},"43":{"start":{"line":40,"column":16},"end":{"line":47,"column":17}},"44":{"start":{"line":41,"column":20},"end":{"line":41,"column":58}},"45":{"start":{"line":42,"column":20},"end":{"line":42,"column":119}},"46":{"start":{"line":43,"column":20},"end":{"line":43,"column":85}},"47":{"start":{"line":46,"column":20},"end":{"line":46,"column":72}},"48":{"start":{"line":50,"column":16},"end":{"line":50,"column":26}},"49":{"start":{"line":55,"column":8},"end":{"line":63,"column":11}},"50":{"start":{"line":56,"column":12},"end":{"line":62,"column":13}},"51":{"start":{"line":57,"column":16},"end":{"line":57,"column":55}},"52":{"start":{"line":58,"column":16},"end":{"line":58,"column":73}},"53":{"start":{"line":61,"column":16},"end":{"line":61,"column":26}},"54":{"start":{"line":66,"column":0},"end":{"line":72,"column":44}},"55":{"start":{"line":73,"column":0},"end":{"line":79,"column":47}},"56":{"start":{"line":80,"column":0},"end":{"line":83,"column":19}},"57":{"start":{"line":84,"column":0},"end":{"line":84,"column":40}}},"branchMap":{"1":{"line":2,"type":"binary-expr","locations":[{"start":{"line":2,"column":18},"end":{"line":2,"column":22}},{"start":{"line":2,"column":26},"end":{"line":2,"column":41}},{"start":{"line":2,"column":46},"end":{"line":7,"column":1}}]},"2":{"line":3,"type":"cond-expr","locations":[{"start":{"line":3,"column":42},"end":{"line":3,"column":48}},{"start":{"line":3,"column":51},"end":{"line":3,"column":125}}]},"3":{"line":3,"type":"cond-expr","locations":[{"start":{"line":3,"column":67},"end":{"line":3,"column":118}},{"start":{"line":3,"column":121},"end":{"line":3,"column":125}}]},"4":{"line":4,"type":"if","locations":[{"start":{"line":4,"column":4},"end":{"line":4,"column":4}},{"start":{"line":4,"column":4},"end":{"line":4,"column":4}}]},"5":{"line":4,"type":"binary-expr","locations":[{"start":{"line":4,"column":8},"end":{"line":4,"column":35}},{"start":{"line":4,"column":39},"end":{"line":4,"column":77}}]},"6":{"line":5,"type":"if","locations":[{"start":{"line":5,"column":58},"end":{"line":5,"column":58}},{"start":{"line":5,"column":58},"end":{"line":5,"column":58}}]},"7":{"line":5,"type":"binary-expr","locations":[{"start":{"line":5,"column":86},"end":{"line":5,"column":143}},{"start":{"line":5,"column":148},"end":{"line":5,"column":149}}]},"8":{"line":5,"type":"cond-expr","locations":[{"start":{"line":5,"column":94},"end":{"line":5,"column":98}},{"start":{"line":5,"column":101},"end":{"line":5,"column":143}}]},"9":{"line":5,"type":"cond-expr","locations":[{"start":{"line":5,"column":109},"end":{"line":5,"column":126}},{"start":{"line":5,"column":129},"end":{"line":5,"column":143}}]},"10":{"line":6,"type":"binary-expr","locations":[{"start":{"line":6,"column":11},"end":{"line":6,"column":16}},{"start":{"line":6,"column":20},"end":{"line":6,"column":21}},{"start":{"line":6,"column":25},"end":{"line":6,"column":62}}]},"11":{"line":8,"type":"binary-expr","locations":[{"start":{"line":8,"column":18},"end":{"line":8,"column":22}},{"start":{"line":8,"column":26},"end":{"line":8,"column":41}},{"start":{"line":8,"column":46},"end":{"line":10,"column":1}}]},"12":{"line":9,"type":"if","locations":[{"start":{"line":9,"column":4},"end":{"line":9,"column":4}},{"start":{"line":9,"column":4},"end":{"line":9,"column":4}}]},"13":{"line":9,"type":"binary-expr","locations":[{"start":{"line":9,"column":8},"end":{"line":9,"column":35}},{"start":{"line":9,"column":39},"end":{"line":9,"column":77}}]},"14":{"line":11,"type":"binary-expr","locations":[{"start":{"line":11,"column":15},"end":{"line":11,"column":19}},{"start":{"line":11,"column":23},"end":{"line":11,"column":35}},{"start":{"line":11,"column":40},"end":{"line":13,"column":1}}]},"15":{"line":14,"type":"binary-expr","locations":[{"start":{"line":14,"column":17},"end":{"line":14,"column":21}},{"start":{"line":14,"column":25},"end":{"line":14,"column":39}},{"start":{"line":14,"column":44},"end":{"line":21,"column":1}}]},"16":{"line":15,"type":"binary-expr","locations":[{"start":{"line":15,"column":16},"end":{"line":15,"column":17}},{"start":{"line":15,"column":22},"end":{"line":15,"column":33}}]},"17":{"line":18,"type":"cond-expr","locations":[{"start":{"line":18,"column":46},"end":{"line":18,"column":67}},{"start":{"line":18,"column":70},"end":{"line":18,"column":148}}]},"18":{"line":19,"type":"binary-expr","locations":[{"start":{"line":19,"column":51},"end":{"line":19,"column":61}},{"start":{"line":19,"column":65},"end":{"line":19,"column":67}}]},"19":{"line":40,"type":"if","locations":[{"start":{"line":40,"column":16},"end":{"line":40,"column":16}},{"start":{"line":40,"column":16},"end":{"line":40,"column":16}}]}}},"E:\\whiteapi-express-ts\\dist\\models\\User.model.js":{"path":"E:\\whiteapi-express-ts\\dist\\models\\User.model.js","s":{"1":1,"2":7,"3":7,"4":7,"5":0,"6":0,"7":0,"8":7,"9":1,"10":6,"11":6,"12":1,"13":1,"14":1,"15":1,"16":1,"17":1,"18":1,"19":1,"20":1,"21":1,"22":1},"b":{"1":[1,1,1],"2":[1,6],"3":[0,6],"4":[7,0],"5":[7,7],"6":[0,0],"7":[0,0],"8":[0,0],"9":[0,0],"10":[7,6,0],"11":[1,1,1],"12":[6,0],"13":[6,6]},"f":{"1":7,"2":6},"fnMap":{"1":{"name":"(anonymous_1)","line":2,"loc":{"start":{"line":2,"column":46},"end":{"line":2,"column":87}}},"2":{"name":"(anonymous_2)","line":8,"loc":{"start":{"line":8,"column":46},"end":{"line":8,"column":62}}}},"statementMap":{"1":{"start":{"line":2,"column":0},"end":{"line":7,"column":2}},"2":{"start":{"line":3,"column":4},"end":{"line":3,"column":129}},"3":{"start":{"line":4,"column":4},"end":{"line":5,"column":150}},"4":{"start":{"line":4,"column":79},"end":{"line":4,"column":131}},"5":{"start":{"line":5,"column":9},"end":{"line":5,"column":150}},"6":{"start":{"line":5,"column":58},"end":{"line":5,"column":150}},"7":{"start":{"line":5,"column":81},"end":{"line":5,"column":150}},"8":{"start":{"line":6,"column":4},"end":{"line":6,"column":66}},"9":{"start":{"line":8,"column":0},"end":{"line":10,"column":2}},"10":{"start":{"line":9,"column":4},"end":{"line":9,"column":109}},"11":{"start":{"line":9,"column":79},"end":{"line":9,"column":109}},"12":{"start":{"line":11,"column":0},"end":{"line":11,"column":62}},"13":{"start":{"line":12,"column":0},"end":{"line":12,"column":37}},"14":{"start":{"line":13,"column":0},"end":{"line":14,"column":2}},"15":{"start":{"line":15,"column":0},"end":{"line":18,"column":33}},"16":{"start":{"line":19,"column":0},"end":{"line":22,"column":36}},"17":{"start":{"line":23,"column":0},"end":{"line":26,"column":39}},"18":{"start":{"line":27,"column":0},"end":{"line":30,"column":40}},"19":{"start":{"line":31,"column":0},"end":{"line":34,"column":39}},"20":{"start":{"line":35,"column":0},"end":{"line":38,"column":40}},"21":{"start":{"line":39,"column":0},"end":{"line":41,"column":9}},"22":{"start":{"line":42,"column":0},"end":{"line":42,"column":20}}},"branchMap":{"1":{"line":2,"type":"binary-expr","locations":[{"start":{"line":2,"column":18},"end":{"line":2,"column":22}},{"start":{"line":2,"column":26},"end":{"line":2,"column":41}},{"start":{"line":2,"column":46},"end":{"line":7,"column":1}}]},"2":{"line":3,"type":"cond-expr","locations":[{"start":{"line":3,"column":42},"end":{"line":3,"column":48}},{"start":{"line":3,"column":51},"end":{"line":3,"column":125}}]},"3":{"line":3,"type":"cond-expr","locations":[{"start":{"line":3,"column":67},"end":{"line":3,"column":118}},{"start":{"line":3,"column":121},"end":{"line":3,"column":125}}]},"4":{"line":4,"type":"if","locations":[{"start":{"line":4,"column":4},"end":{"line":4,"column":4}},{"start":{"line":4,"column":4},"end":{"line":4,"column":4}}]},"5":{"line":4,"type":"binary-expr","locations":[{"start":{"line":4,"column":8},"end":{"line":4,"column":35}},{"start":{"line":4,"column":39},"end":{"line":4,"column":77}}]},"6":{"line":5,"type":"if","locations":[{"start":{"line":5,"column":58},"end":{"line":5,"column":58}},{"start":{"line":5,"column":58},"end":{"line":5,"column":58}}]},"7":{"line":5,"type":"binary-expr","locations":[{"start":{"line":5,"column":86},"end":{"line":5,"column":143}},{"start":{"line":5,"column":148},"end":{"line":5,"column":149}}]},"8":{"line":5,"type":"cond-expr","locations":[{"start":{"line":5,"column":94},"end":{"line":5,"column":98}},{"start":{"line":5,"column":101},"end":{"line":5,"column":143}}]},"9":{"line":5,"type":"cond-expr","locations":[{"start":{"line":5,"column":109},"end":{"line":5,"column":126}},{"start":{"line":5,"column":129},"end":{"line":5,"column":143}}]},"10":{"line":6,"type":"binary-expr","locations":[{"start":{"line":6,"column":11},"end":{"line":6,"column":16}},{"start":{"line":6,"column":20},"end":{"line":6,"column":21}},{"start":{"line":6,"column":25},"end":{"line":6,"column":62}}]},"11":{"line":8,"type":"binary-expr","locations":[{"start":{"line":8,"column":18},"end":{"line":8,"column":22}},{"start":{"line":8,"column":26},"end":{"line":8,"column":41}},{"start":{"line":8,"column":46},"end":{"line":10,"column":1}}]},"12":{"line":9,"type":"if","locations":[{"start":{"line":9,"column":4},"end":{"line":9,"column":4}},{"start":{"line":9,"column":4},"end":{"line":9,"column":4}}]},"13":{"line":9,"type":"binary-expr","locations":[{"start":{"line":9,"column":8},"end":{"line":9,"column":35}},{"start":{"line":9,"column":39},"end":{"line":9,"column":77}}]}}},"E:\\whiteapi-express-ts\\dist\\models\\Success.model.js":{"path":"E:\\whiteapi-express-ts\\dist\\models\\Success.model.js","s":{"1":1,"2":0,"3":0,"4":0,"5":1},"b":{},"f":{"1":0},"fnMap":{"1":{"name":"(anonymous_1)","line":4,"loc":{"start":{"line":4,"column":15},"end":{"line":4,"column":47}}}},"statementMap":{"1":{"start":{"line":2,"column":0},"end":{"line":2,"column":62}},"2":{"start":{"line":5,"column":8},"end":{"line":5,"column":33}},"3":{"start":{"line":6,"column":8},"end":{"line":6,"column":31}},"4":{"start":{"line":7,"column":8},"end":{"line":7,"column":27}},"5":{"start":{"line":10,"column":0},"end":{"line":10,"column":26}}},"branchMap":{}},"E:\\whiteapi-express-ts\\dist\\models\\Error.model.js":{"path":"E:\\whiteapi-express-ts\\dist\\models\\Error.model.js","s":{"1":1,"2":0,"3":0,"4":0,"5":1},"b":{},"f":{"1":0},"fnMap":{"1":{"name":"(anonymous_1)","line":4,"loc":{"start":{"line":4,"column":15},"end":{"line":4,"column":35}}}},"statementMap":{"1":{"start":{"line":2,"column":0},"end":{"line":2,"column":62}},"2":{"start":{"line":5,"column":8},"end":{"line":5,"column":33}},"3":{"start":{"line":6,"column":8},"end":{"line":6,"column":31}},"4":{"start":{"line":7,"column":8},"end":{"line":7,"column":24}},"5":{"start":{"line":10,"column":0},"end":{"line":10,"column":22}}},"branchMap":{}},"E:\\whiteapi-express-ts\\dist\\services\\User.service.js":{"path":"E:\\whiteapi-express-ts\\dist\\services\\User.service.js","s":{"1":1,"2":3,"3":3,"4":3,"5":0,"6":0,"7":0,"8":3,"9":1,"10":2,"11":2,"12":1,"13":1,"14":1,"15":1,"16":1,"17":1,"18":1,"19":0,"20":0,"21":0,"22":0,"23":0,"24":0,"25":0,"26":0,"27":0,"28":0,"29":1,"30":1,"31":1,"32":1},"b":{"1":[1,1,1],"2":[1,2],"3":[0,2],"4":[3,0],"5":[3,3],"6":[0,0],"7":[0,0],"8":[0,0],"9":[0,0],"10":[3,2,0],"11":[1,1,1],"12":[2,0],"13":[2,2]},"f":{"1":3,"2":2,"3":0,"4":0,"5":0,"6":0},"fnMap":{"1":{"name":"(anonymous_1)","line":2,"loc":{"start":{"line":2,"column":46},"end":{"line":2,"column":87}}},"2":{"name":"(anonymous_2)","line":8,"loc":{"start":{"line":8,"column":46},"end":{"line":8,"column":62}}},"3":{"name":"(anonymous_3)","line":18,"loc":{"start":{"line":18,"column":10},"end":{"line":18,"column":13}}},"4":{"name":"(anonymous_4)","line":23,"loc":{"start":{"line":23,"column":17},"end":{"line":23,"column":25}}},"5":{"name":"(anonymous_5)","line":28,"loc":{"start":{"line":28,"column":14},"end":{"line":28,"column":19}}},"6":{"name":"(anonymous_6)","line":33,"loc":{"start":{"line":33,"column":12},"end":{"line":33,"column":19}}}},"statementMap":{"1":{"start":{"line":2,"column":0},"end":{"line":7,"column":2}},"2":{"start":{"line":3,"column":4},"end":{"line":3,"column":129}},"3":{"start":{"line":4,"column":4},"end":{"line":5,"column":150}},"4":{"start":{"line":4,"column":79},"end":{"line":4,"column":131}},"5":{"start":{"line":5,"column":9},"end":{"line":5,"column":150}},"6":{"start":{"line":5,"column":58},"end":{"line":5,"column":150}},"7":{"start":{"line":5,"column":81},"end":{"line":5,"column":150}},"8":{"start":{"line":6,"column":4},"end":{"line":6,"column":66}},"9":{"start":{"line":8,"column":0},"end":{"line":10,"column":2}},"10":{"start":{"line":9,"column":4},"end":{"line":9,"column":109}},"11":{"start":{"line":9,"column":79},"end":{"line":9,"column":109}},"12":{"start":{"line":11,"column":0},"end":{"line":11,"column":62}},"13":{"start":{"line":12,"column":0},"end":{"line":12,"column":28}},"14":{"start":{"line":13,"column":0},"end":{"line":13,"column":37}},"15":{"start":{"line":14,"column":0},"end":{"line":14,"column":73}},"16":{"start":{"line":15,"column":0},"end":{"line":15,"column":35}},"17":{"start":{"line":16,"column":0},"end":{"line":16,"column":53}},"18":{"start":{"line":17,"column":0},"end":{"line":38,"column":2}},"19":{"start":{"line":19,"column":8},"end":{"line":21,"column":11}},"20":{"start":{"line":20,"column":12},"end":{"line":20,"column":42}},"21":{"start":{"line":24,"column":8},"end":{"line":26,"column":11}},"22":{"start":{"line":25,"column":12},"end":{"line":25,"column":73}},"23":{"start":{"line":25,"column":51},"end":{"line":25,"column":70}},"24":{"start":{"line":29,"column":8},"end":{"line":31,"column":11}},"25":{"start":{"line":30,"column":12},"end":{"line":30,"column":67}},"26":{"start":{"line":30,"column":51},"end":{"line":30,"column":64}},"27":{"start":{"line":34,"column":8},"end":{"line":36,"column":11}},"28":{"start":{"line":35,"column":12},"end":{"line":35,"column":49}},"29":{"start":{"line":39,"column":0},"end":{"line":42,"column":46}},"30":{"start":{"line":43,"column":0},"end":{"line":46,"column":44}},"31":{"start":{"line":47,"column":0},"end":{"line":49,"column":16}},"32":{"start":{"line":50,"column":0},"end":{"line":50,"column":34}}},"branchMap":{"1":{"line":2,"type":"binary-expr","locations":[{"start":{"line":2,"column":18},"end":{"line":2,"column":22}},{"start":{"line":2,"column":26},"end":{"line":2,"column":41}},{"start":{"line":2,"column":46},"end":{"line":7,"column":1}}]},"2":{"line":3,"type":"cond-expr","locations":[{"start":{"line":3,"column":42},"end":{"line":3,"column":48}},{"start":{"line":3,"column":51},"end":{"line":3,"column":125}}]},"3":{"line":3,"type":"cond-expr","locations":[{"start":{"line":3,"column":67},"end":{"line":3,"column":118}},{"start":{"line":3,"column":121},"end":{"line":3,"column":125}}]},"4":{"line":4,"type":"if","locations":[{"start":{"line":4,"column":4},"end":{"line":4,"column":4}},{"start":{"line":4,"column":4},"end":{"line":4,"column":4}}]},"5":{"line":4,"type":"binary-expr","locations":[{"start":{"line":4,"column":8},"end":{"line":4,"column":35}},{"start":{"line":4,"column":39},"end":{"line":4,"column":77}}]},"6":{"line":5,"type":"if","locations":[{"start":{"line":5,"column":58},"end":{"line":5,"column":58}},{"start":{"line":5,"column":58},"end":{"line":5,"column":58}}]},"7":{"line":5,"type":"binary-expr","locations":[{"start":{"line":5,"column":86},"end":{"line":5,"column":143}},{"start":{"line":5,"column":148},"end":{"line":5,"column":149}}]},"8":{"line":5,"type":"cond-expr","locations":[{"start":{"line":5,"column":94},"end":{"line":5,"column":98}},{"start":{"line":5,"column":101},"end":{"line":5,"column":143}}]},"9":{"line":5,"type":"cond-expr","locations":[{"start":{"line":5,"column":109},"end":{"line":5,"column":126}},{"start":{"line":5,"column":129},"end":{"line":5,"column":143}}]},"10":{"line":6,"type":"binary-expr","locations":[{"start":{"line":6,"column":11},"end":{"line":6,"column":16}},{"start":{"line":6,"column":20},"end":{"line":6,"column":21}},{"start":{"line":6,"column":25},"end":{"line":6,"column":62}}]},"11":{"line":8,"type":"binary-expr","locations":[{"start":{"line":8,"column":18},"end":{"line":8,"column":22}},{"start":{"line":8,"column":26},"end":{"line":8,"column":41}},{"start":{"line":8,"column":46},"end":{"line":10,"column":1}}]},"12":{"line":9,"type":"if","locations":[{"start":{"line":9,"column":4},"end":{"line":9,"column":4}},{"start":{"line":9,"column":4},"end":{"line":9,"column":4}}]},"13":{"line":9,"type":"binary-expr","locations":[{"start":{"line":9,"column":8},"end":{"line":9,"column":35}},{"start":{"line":9,"column":39},"end":{"line":9,"column":77}}]}}},"E:\\whiteapi-express-ts\\dist\\controllers\\Users.controller.js":{"path":"E:\\whiteapi-express-ts\\dist\\controllers\\Users.controller.js","s":{"1":1,"2":3,"3":3,"4":3,"5":0,"6":0,"7":0,"8":3,"9":1,"10":7,"11":7,"12":1,"13":1,"14":1,"15":1,"16":0,"17":1,"18":0,"19":0,"20":0,"21":1,"22":0,"23":0,"24":0,"25":1,"26":0,"27":0,"28":0,"29":1,"30":1,"31":1,"32":1,"33":1,"34":0,"35":0,"36":0,"37":0,"38":0,"39":0,"40":0,"41":0,"42":0,"43":0,"44":0,"45":1,"46":1,"47":1,"48":1},"b":{"1":[1,1,1],"2":[1,2],"3":[2,0],"4":[3,0],"5":[3,3],"6":[0,0],"7":[0,0],"8":[0,0],"9":[0,0],"10":[3,2,2],"11":[1,1,1],"12":[7,0],"13":[7,7],"14":[1,1,1],"15":[1,1,1],"16":[0,0],"17":[0,0],"18":[0,0]},"f":{"1":3,"2":7,"3":1,"4":1,"5":0,"6":0,"7":0,"8":0,"9":0,"10":0,"11":0,"12":0,"13":0,"14":0,"15":0},"fnMap":{"1":{"name":"(anonymous_1)","line":2,"loc":{"start":{"line":2,"column":46},"end":{"line":2,"column":87}}},"2":{"name":"(anonymous_2)","line":8,"loc":{"start":{"line":8,"column":46},"end":{"line":8,"column":62}}},"3":{"name":"(anonymous_3)","line":11,"loc":{"start":{"line":11,"column":40},"end":{"line":11,"column":73}}},"4":{"name":"(anonymous_4)","line":12,"loc":{"start":{"line":12,"column":11},"end":{"line":12,"column":34}}},"5":{"name":"(anonymous_5)","line":14,"loc":{"start":{"line":14,"column":44},"end":{"line":14,"column":89}}},"6":{"name":"(anonymous_6)","line":15,"loc":{"start":{"line":15,"column":36},"end":{"line":15,"column":63}}},"7":{"name":"fulfilled","line":16,"loc":{"start":{"line":16,"column":8},"end":{"line":16,"column":34}}},"8":{"name":"rejected","line":17,"loc":{"start":{"line":17,"column":8},"end":{"line":17,"column":33}}},"9":{"name":"step","line":18,"loc":{"start":{"line":18,"column":8},"end":{"line":18,"column":30}}},"10":{"name":"(anonymous_10)","line":18,"loc":{"start":{"line":18,"column":76},"end":{"line":18,"column":95}}},"11":{"name":"(anonymous_11)","line":27,"loc":{"start":{"line":27,"column":15},"end":{"line":27,"column":29}}},"12":{"name":"(anonymous_12)","line":30,"loc":{"start":{"line":30,"column":10},"end":{"line":30,"column":13}}},"13":{"name":"(anonymous_13)","line":31,"loc":{"start":{"line":31,"column":47},"end":{"line":31,"column":60}}},"14":{"name":"(anonymous_14)","line":41,"loc":{"start":{"line":41,"column":10},"end":{"line":41,"column":15}}},"15":{"name":"(anonymous_15)","line":42,"loc":{"start":{"line":42,"column":47},"end":{"line":42,"column":60}}}},"statementMap":{"1":{"start":{"line":2,"column":0},"end":{"line":7,"column":2}},"2":{"start":{"line":3,"column":4},"end":{"line":3,"column":129}},"3":{"start":{"line":4,"column":4},"end":{"line":5,"column":150}},"4":{"start":{"line":4,"column":79},"end":{"line":4,"column":131}},"5":{"start":{"line":5,"column":9},"end":{"line":5,"column":150}},"6":{"start":{"line":5,"column":58},"end":{"line":5,"column":150}},"7":{"start":{"line":5,"column":81},"end":{"line":5,"column":150}},"8":{"start":{"line":6,"column":4},"end":{"line":6,"column":66}},"9":{"start":{"line":8,"column":0},"end":{"line":10,"column":2}},"10":{"start":{"line":9,"column":4},"end":{"line":9,"column":109}},"11":{"start":{"line":9,"column":79},"end":{"line":9,"column":109}},"12":{"start":{"line":11,"column":0},"end":{"line":13,"column":2}},"13":{"start":{"line":12,"column":4},"end":{"line":12,"column":73}},"14":{"start":{"line":12,"column":36},"end":{"line":12,"column":71}},"15":{"start":{"line":14,"column":0},"end":{"line":21,"column":2}},"16":{"start":{"line":15,"column":4},"end":{"line":20,"column":7}},"17":{"start":{"line":16,"column":8},"end":{"line":16,"column":99}},"18":{"start":{"line":16,"column":36},"end":{"line":16,"column":97}},"19":{"start":{"line":16,"column":42},"end":{"line":16,"column":70}},"20":{"start":{"line":16,"column":85},"end":{"line":16,"column":95}},"21":{"start":{"line":17,"column":8},"end":{"line":17,"column":102}},"22":{"start":{"line":17,"column":35},"end":{"line":17,"column":100}},"23":{"start":{"line":17,"column":41},"end":{"line":17,"column":73}},"24":{"start":{"line":17,"column":88},"end":{"line":17,"column":98}},"25":{"start":{"line":18,"column":8},"end":{"line":18,"column":151}},"26":{"start":{"line":18,"column":32},"end":{"line":18,"column":149}},"27":{"start":{"line":18,"column":97},"end":{"line":18,"column":119}},"28":{"start":{"line":19,"column":8},"end":{"line":19,"column":78}},"29":{"start":{"line":22,"column":0},"end":{"line":22,"column":62}},"30":{"start":{"line":23,"column":0},"end":{"line":23,"column":61}},"31":{"start":{"line":24,"column":0},"end":{"line":24,"column":59}},"32":{"start":{"line":25,"column":0},"end":{"line":25,"column":68}},"33":{"start":{"line":26,"column":0},"end":{"line":52,"column":2}},"34":{"start":{"line":28,"column":8},"end":{"line":28,"column":39}},"35":{"start":{"line":31,"column":8},"end":{"line":39,"column":11}},"36":{"start":{"line":32,"column":12},"end":{"line":38,"column":13}},"37":{"start":{"line":33,"column":16},"end":{"line":33,"column":62}},"38":{"start":{"line":34,"column":16},"end":{"line":34,"column":29}},"39":{"start":{"line":37,"column":16},"end":{"line":37,"column":26}},"40":{"start":{"line":42,"column":8},"end":{"line":50,"column":11}},"41":{"start":{"line":43,"column":12},"end":{"line":49,"column":13}},"42":{"start":{"line":44,"column":16},"end":{"line":44,"column":67}},"43":{"start":{"line":45,"column":16},"end":{"line":45,"column":28}},"44":{"start":{"line":48,"column":16},"end":{"line":48,"column":26}},"45":{"start":{"line":53,"column":0},"end":{"line":58,"column":46}},"46":{"start":{"line":59,"column":0},"end":{"line":65,"column":46}},"47":{"start":{"line":66,"column":0},"end":{"line":71,"column":20}},"48":{"start":{"line":72,"column":0},"end":{"line":72,"column":42}}},"branchMap":{"1":{"line":2,"type":"binary-expr","locations":[{"start":{"line":2,"column":18},"end":{"line":2,"column":22}},{"start":{"line":2,"column":26},"end":{"line":2,"column":41}},{"start":{"line":2,"column":46},"end":{"line":7,"column":1}}]},"2":{"line":3,"type":"cond-expr","locations":[{"start":{"line":3,"column":42},"end":{"line":3,"column":48}},{"start":{"line":3,"column":51},"end":{"line":3,"column":125}}]},"3":{"line":3,"type":"cond-expr","locations":[{"start":{"line":3,"column":67},"end":{"line":3,"column":118}},{"start":{"line":3,"column":121},"end":{"line":3,"column":125}}]},"4":{"line":4,"type":"if","locations":[{"start":{"line":4,"column":4},"end":{"line":4,"column":4}},{"start":{"line":4,"column":4},"end":{"line":4,"column":4}}]},"5":{"line":4,"type":"binary-expr","locations":[{"start":{"line":4,"column":8},"end":{"line":4,"column":35}},{"start":{"line":4,"column":39},"end":{"line":4,"column":77}}]},"6":{"line":5,"type":"if","locations":[{"start":{"line":5,"column":58},"end":{"line":5,"column":58}},{"start":{"line":5,"column":58},"end":{"line":5,"column":58}}]},"7":{"line":5,"type":"binary-expr","locations":[{"start":{"line":5,"column":86},"end":{"line":5,"column":143}},{"start":{"line":5,"column":148},"end":{"line":5,"column":149}}]},"8":{"line":5,"type":"cond-expr","locations":[{"start":{"line":5,"column":94},"end":{"line":5,"column":98}},{"start":{"line":5,"column":101},"end":{"line":5,"column":143}}]},"9":{"line":5,"type":"cond-expr","locations":[{"start":{"line":5,"column":109},"end":{"line":5,"column":126}},{"start":{"line":5,"column":129},"end":{"line":5,"column":143}}]},"10":{"line":6,"type":"binary-expr","locations":[{"start":{"line":6,"column":11},"end":{"line":6,"column":16}},{"start":{"line":6,"column":20},"end":{"line":6,"column":21}},{"start":{"line":6,"column":25},"end":{"line":6,"column":62}}]},"11":{"line":8,"type":"binary-expr","locations":[{"start":{"line":8,"column":18},"end":{"line":8,"column":22}},{"start":{"line":8,"column":26},"end":{"line":8,"column":41}},{"start":{"line":8,"column":46},"end":{"line":10,"column":1}}]},"12":{"line":9,"type":"if","locations":[{"start":{"line":9,"column":4},"end":{"line":9,"column":4}},{"start":{"line":9,"column":4},"end":{"line":9,"column":4}}]},"13":{"line":9,"type":"binary-expr","locations":[{"start":{"line":9,"column":8},"end":{"line":9,"column":35}},{"start":{"line":9,"column":39},"end":{"line":9,"column":77}}]},"14":{"line":11,"type":"binary-expr","locations":[{"start":{"line":11,"column":15},"end":{"line":11,"column":19}},{"start":{"line":11,"column":23},"end":{"line":11,"column":35}},{"start":{"line":11,"column":40},"end":{"line":13,"column":1}}]},"15":{"line":14,"type":"binary-expr","locations":[{"start":{"line":14,"column":17},"end":{"line":14,"column":21}},{"start":{"line":14,"column":25},"end":{"line":14,"column":39}},{"start":{"line":14,"column":44},"end":{"line":21,"column":1}}]},"16":{"line":15,"type":"binary-expr","locations":[{"start":{"line":15,"column":16},"end":{"line":15,"column":17}},{"start":{"line":15,"column":22},"end":{"line":15,"column":33}}]},"17":{"line":18,"type":"cond-expr","locations":[{"start":{"line":18,"column":46},"end":{"line":18,"column":67}},{"start":{"line":18,"column":70},"end":{"line":18,"column":148}}]},"18":{"line":19,"type":"binary-expr","locations":[{"start":{"line":19,"column":51},"end":{"line":19,"column":61}},{"start":{"line":19,"column":65},"end":{"line":19,"column":67}}]}}},"E:\\whiteapi-express-ts\\dist\\middlewares\\Auth.middleware.js":{"path":"E:\\whiteapi-express-ts\\dist\\middlewares\\Auth.middleware.js","s":{"1":1,"2":1,"3":1,"4":1,"5":0,"6":0,"7":0,"8":1,"9":1,"10":1,"11":1,"12":2,"13":1,"14":1},"b":{"1":[1,1,1],"2":[1,0],"3":[0,0],"4":[1,0],"5":[1,1],"6":[0,0],"7":[0,0],"8":[0,0],"9":[0,0],"10":[1,0,0]},"f":{"1":1,"2":2},"fnMap":{"1":{"name":"(anonymous_1)","line":2,"loc":{"start":{"line":2,"column":46},"end":{"line":2,"column":87}}},"2":{"name":"(anonymous_2)","line":13,"loc":{"start":{"line":13,"column":7},"end":{"line":13,"column":33}}}},"statementMap":{"1":{"start":{"line":2,"column":0},"end":{"line":7,"column":2}},"2":{"start":{"line":3,"column":4},"end":{"line":3,"column":129}},"3":{"start":{"line":4,"column":4},"end":{"line":5,"column":150}},"4":{"start":{"line":4,"column":79},"end":{"line":4,"column":131}},"5":{"start":{"line":5,"column":9},"end":{"line":5,"column":150}},"6":{"start":{"line":5,"column":58},"end":{"line":5,"column":150}},"7":{"start":{"line":5,"column":81},"end":{"line":5,"column":150}},"8":{"start":{"line":6,"column":4},"end":{"line":6,"column":66}},"9":{"start":{"line":8,"column":0},"end":{"line":8,"column":62}},"10":{"start":{"line":9,"column":0},"end":{"line":9,"column":61}},"11":{"start":{"line":10,"column":0},"end":{"line":16,"column":2}},"12":{"start":{"line":14,"column":8},"end":{"line":14,"column":15}},"13":{"start":{"line":17,"column":0},"end":{"line":19,"column":19}},"14":{"start":{"line":20,"column":0},"end":{"line":20,"column":40}}},"branchMap":{"1":{"line":2,"type":"binary-expr","locations":[{"start":{"line":2,"column":18},"end":{"line":2,"column":22}},{"start":{"line":2,"column":26},"end":{"line":2,"column":41}},{"start":{"line":2,"column":46},"end":{"line":7,"column":1}}]},"2":{"line":3,"type":"cond-expr","locations":[{"start":{"line":3,"column":42},"end":{"line":3,"column":48}},{"start":{"line":3,"column":51},"end":{"line":3,"column":125}}]},"3":{"line":3,"type":"cond-expr","locations":[{"start":{"line":3,"column":67},"end":{"line":3,"column":118}},{"start":{"line":3,"column":121},"end":{"line":3,"column":125}}]},"4":{"line":4,"type":"if","locations":[{"start":{"line":4,"column":4},"end":{"line":4,"column":4}},{"start":{"line":4,"column":4},"end":{"line":4,"column":4}}]},"5":{"line":4,"type":"binary-expr","locations":[{"start":{"line":4,"column":8},"end":{"line":4,"column":35}},{"start":{"line":4,"column":39},"end":{"line":4,"column":77}}]},"6":{"line":5,"type":"if","locations":[{"start":{"line":5,"column":58},"end":{"line":5,"column":58}},{"start":{"line":5,"column":58},"end":{"line":5,"column":58}}]},"7":{"line":5,"type":"binary-expr","locations":[{"start":{"line":5,"column":86},"end":{"line":5,"column":143}},{"start":{"line":5,"column":148},"end":{"line":5,"column":149}}]},"8":{"line":5,"type":"cond-expr","locations":[{"start":{"line":5,"column":94},"end":{"line":5,"column":98}},{"start":{"line":5,"column":101},"end":{"line":5,"column":143}}]},"9":{"line":5,"type":"cond-expr","locations":[{"start":{"line":5,"column":109},"end":{"line":5,"column":126}},{"start":{"line":5,"column":129},"end":{"line":5,"column":143}}]},"10":{"line":6,"type":"binary-expr","locations":[{"start":{"line":6,"column":11},"end":{"line":6,"column":16}},{"start":{"line":6,"column":20},"end":{"line":6,"column":21}},{"start":{"line":6,"column":25},"end":{"line":6,"column":62}}]}}}}