TN:
SF:E:\whiteapi-express-ts\dist\App.js
FN:16,(anonymous_1)
FN:50,(anonymous_2)
FNF:2
FNH:2
FNDA:1,(anonymous_1)
FNDA:1,(anonymous_2)
DA:2,1
DA:3,1
DA:4,1
DA:5,1
DA:6,1
DA:7,1
DA:8,1
DA:9,1
DA:10,1
DA:12,1
DA:13,1
DA:14,1
DA:17,1
DA:18,1
DA:19,1
DA:24,1
DA:25,1
DA:28,1
DA:44,1
DA:48,1
DA:51,1
DA:52,1
DA:55,1
LF:23
LH:23
BRF:0
BRH:0
end_of_record
TN:
SF:E:\whiteapi-express-ts\dist\controllers\Home.controller.js
FN:2,(anonymous_1)
FN:8,(anonymous_2)
FN:14,(anonymous_3)
FNF:3
FNH:3
FNDA:2,(anonymous_1)
FNDA:3,(anonymous_2)
FNDA:1,(anonymous_3)
DA:2,1
DA:3,2
DA:4,2
DA:5,0
DA:6,2
DA:8,1
DA:9,3
DA:11,1
DA:12,1
DA:13,1
DA:15,1
DA:18,1
DA:24,1
DA:27,1
LF:14
LH:13
BRDA:2,1,0,1
BRDA:2,1,1,1
BRDA:2,1,2,1
BRDA:3,2,0,1
BRDA:3,2,1,1
BRDA:3,3,0,1
BRDA:3,3,1,0
BRDA:4,4,0,2
BRDA:4,4,1,0
BRDA:4,5,0,2
BRDA:4,5,1,2
BRDA:5,6,0,0
BRDA:5,6,1,0
BRDA:5,7,0,0
BRDA:5,7,1,0
BRDA:5,8,0,0
BRDA:5,8,1,0
BRDA:5,9,0,0
BRDA:5,9,1,0
BRDA:6,10,0,2
BRDA:6,10,1,1
BRDA:6,10,2,1
BRDA:8,11,0,1
BRDA:8,11,1,1
BRDA:8,11,2,1
BRDA:9,12,0,3
BRDA:9,12,1,0
BRDA:9,13,0,3
BRDA:9,13,1,3
BRF:29
BRH:18
end_of_record
TN:
SF:E:\whiteapi-express-ts\dist\controllers\Auth.controller.js
FN:2,(anonymous_1)
FN:8,(anonymous_2)
FN:11,(anonymous_3)
FN:12,(anonymous_4)
FN:14,(anonymous_5)
FN:15,(anonymous_6)
FN:16,fulfilled
FN:17,rejected
FN:18,step
FN:18,(anonymous_10)
FN:32,(anonymous_11)
FN:35,(anonymous_12)
FN:36,(anonymous_13)
FN:54,(anonymous_14)
FN:55,(anonymous_15)
FNF:15
FNH:4
FNDA:3,(anonymous_1)
FNDA:7,(anonymous_2)
FNDA:3,(anonymous_3)
FNDA:3,(anonymous_4)
FNDA:0,(anonymous_5)
FNDA:0,(anonymous_6)
FNDA:0,fulfilled
FNDA:0,rejected
FNDA:0,step
FNDA:0,(anonymous_10)
FNDA:0,(anonymous_11)
FNDA:0,(anonymous_12)
FNDA:0,(anonymous_13)
FNDA:0,(anonymous_14)
FNDA:0,(anonymous_15)
DA:2,1
DA:3,3
DA:4,3
DA:5,0
DA:6,3
DA:8,1
DA:9,7
DA:11,1
DA:12,3
DA:14,1
DA:15,0
DA:16,1
DA:17,1
DA:18,1
DA:19,0
DA:22,1
DA:23,1
DA:24,1
DA:25,1
DA:26,1
DA:27,1
DA:28,1
DA:29,1
DA:30,1
DA:31,1
DA:33,0
DA:36,0
DA:37,0
DA:39,0
DA:40,0
DA:41,0
DA:42,0
DA:43,0
DA:46,0
DA:50,0
DA:55,0
DA:56,0
DA:57,0
DA:58,0
DA:61,0
DA:66,1
DA:73,1
DA:80,1
DA:84,1
LF:44
LH:26
BRDA:2,1,0,1
BRDA:2,1,1,1
BRDA:2,1,2,1
BRDA:3,2,0,1
BRDA:3,2,1,2
BRDA:3,3,0,2
BRDA:3,3,1,0
BRDA:4,4,0,3
BRDA:4,4,1,0
BRDA:4,5,0,3
BRDA:4,5,1,3
BRDA:5,6,0,0
BRDA:5,6,1,0
BRDA:5,7,0,0
BRDA:5,7,1,0
BRDA:5,8,0,0
BRDA:5,8,1,0
BRDA:5,9,0,0
BRDA:5,9,1,0
BRDA:6,10,0,3
BRDA:6,10,1,2
BRDA:6,10,2,2
BRDA:8,11,0,1
BRDA:8,11,1,1
BRDA:8,11,2,1
BRDA:9,12,0,7
BRDA:9,12,1,0
BRDA:9,13,0,7
BRDA:9,13,1,7
BRDA:11,14,0,1
BRDA:11,14,1,1
BRDA:11,14,2,1
BRDA:14,15,0,1
BRDA:14,15,1,1
BRDA:14,15,2,1
BRDA:15,16,0,0
BRDA:15,16,1,0
BRDA:18,17,0,0
BRDA:18,17,1,0
BRDA:19,18,0,0
BRDA:19,18,1,0
BRDA:40,19,0,0
BRDA:40,19,1,0
BRF:43
BRH:24
end_of_record
TN:
SF:E:\whiteapi-express-ts\dist\models\User.model.js
FN:2,(anonymous_1)
FN:8,(anonymous_2)
FNF:2
FNH:2
FNDA:7,(anonymous_1)
FNDA:6,(anonymous_2)
DA:2,1
DA:3,7
DA:4,7
DA:5,0
DA:6,7
DA:8,1
DA:9,6
DA:11,1
DA:12,1
DA:13,1
DA:15,1
DA:19,1
DA:23,1
DA:27,1
DA:31,1
DA:35,1
DA:39,1
DA:42,1
LF:18
LH:17
BRDA:2,1,0,1
BRDA:2,1,1,1
BRDA:2,1,2,1
BRDA:3,2,0,1
BRDA:3,2,1,6
BRDA:3,3,0,0
BRDA:3,3,1,6
BRDA:4,4,0,7
BRDA:4,4,1,0
BRDA:4,5,0,7
BRDA:4,5,1,7
BRDA:5,6,0,0
BRDA:5,6,1,0
BRDA:5,7,0,0
BRDA:5,7,1,0
BRDA:5,8,0,0
BRDA:5,8,1,0
BRDA:5,9,0,0
BRDA:5,9,1,0
BRDA:6,10,0,7
BRDA:6,10,1,6
BRDA:6,10,2,0
BRDA:8,11,0,1
BRDA:8,11,1,1
BRDA:8,11,2,1
BRDA:9,12,0,6
BRDA:9,12,1,0
BRDA:9,13,0,6
BRDA:9,13,1,6
BRF:29
BRH:17
end_of_record
TN:
SF:E:\whiteapi-express-ts\dist\models\Success.model.js
FN:4,(anonymous_1)
FNF:1
FNH:0
FNDA:0,(anonymous_1)
DA:2,1
DA:5,0
DA:6,0
DA:7,0
DA:10,1
LF:5
LH:2
BRF:0
BRH:0
end_of_record
TN:
SF:E:\whiteapi-express-ts\dist\models\Error.model.js
FN:4,(anonymous_1)
FNF:1
FNH:0
FNDA:0,(anonymous_1)
DA:2,1
DA:5,0
DA:6,0
DA:7,0
DA:10,1
LF:5
LH:2
BRF:0
BRH:0
end_of_record
TN:
SF:E:\whiteapi-express-ts\dist\services\User.service.js
FN:2,(anonymous_1)
FN:8,(anonymous_2)
FN:18,(anonymous_3)
FN:23,(anonymous_4)
FN:28,(anonymous_5)
FN:33,(anonymous_6)
FNF:6
FNH:2
FNDA:3,(anonymous_1)
FNDA:2,(anonymous_2)
FNDA:0,(anonymous_3)
FNDA:0,(anonymous_4)
FNDA:0,(anonymous_5)
FNDA:0,(anonymous_6)
DA:2,1
DA:3,3
DA:4,3
DA:5,0
DA:6,3
DA:8,1
DA:9,2
DA:11,1
DA:12,1
DA:13,1
DA:14,1
DA:15,1
DA:16,1
DA:17,1
DA:19,0
DA:20,0
DA:24,0
DA:25,0
DA:29,0
DA:30,0
DA:34,0
DA:35,0
DA:39,1
DA:43,1
DA:47,1
DA:50,1
LF:26
LH:17
BRDA:2,1,0,1
BRDA:2,1,1,1
BRDA:2,1,2,1
BRDA:3,2,0,1
BRDA:3,2,1,2
BRDA:3,3,0,0
BRDA:3,3,1,2
BRDA:4,4,0,3
BRDA:4,4,1,0
BRDA:4,5,0,3
BRDA:4,5,1,3
BRDA:5,6,0,0
BRDA:5,6,1,0
BRDA:5,7,0,0
BRDA:5,7,1,0
BRDA:5,8,0,0
BRDA:5,8,1,0
BRDA:5,9,0,0
BRDA:5,9,1,0
BRDA:6,10,0,3
BRDA:6,10,1,2
BRDA:6,10,2,0
BRDA:8,11,0,1
BRDA:8,11,1,1
BRDA:8,11,2,1
BRDA:9,12,0,2
BRDA:9,12,1,0
BRDA:9,13,0,2
BRDA:9,13,1,2
BRF:29
BRH:17
end_of_record
TN:
SF:E:\whiteapi-express-ts\dist\controllers\Users.controller.js
FN:2,(anonymous_1)
FN:8,(anonymous_2)
FN:11,(anonymous_3)
FN:12,(anonymous_4)
FN:14,(anonymous_5)
FN:15,(anonymous_6)
FN:16,fulfilled
FN:17,rejected
FN:18,step
FN:18,(anonymous_10)
FN:27,(anonymous_11)
FN:30,(anonymous_12)
FN:31,(anonymous_13)
FN:41,(anonymous_14)
FN:42,(anonymous_15)
FNF:15
FNH:4
FNDA:3,(anonymous_1)
FNDA:7,(anonymous_2)
FNDA:1,(anonymous_3)
FNDA:1,(anonymous_4)
FNDA:0,(anonymous_5)
FNDA:0,(anonymous_6)
FNDA:0,fulfilled
FNDA:0,rejected
FNDA:0,step
FNDA:0,(anonymous_10)
FNDA:0,(anonymous_11)
FNDA:0,(anonymous_12)
FNDA:0,(anonymous_13)
FNDA:0,(anonymous_14)
FNDA:0,(anonymous_15)
DA:2,1
DA:3,3
DA:4,3
DA:5,0
DA:6,3
DA:8,1
DA:9,7
DA:11,1
DA:12,1
DA:14,1
DA:15,0
DA:16,1
DA:17,1
DA:18,1
DA:19,0
DA:22,1
DA:23,1
DA:24,1
DA:25,1
DA:26,1
DA:28,0
DA:31,0
DA:32,0
DA:33,0
DA:34,0
DA:37,0
DA:42,0
DA:43,0
DA:44,0
DA:45,0
DA:48,0
DA:53,1
DA:59,1
DA:66,1
DA:72,1
LF:35
LH:21
BRDA:2,1,0,1
BRDA:2,1,1,1
BRDA:2,1,2,1
BRDA:3,2,0,1
BRDA:3,2,1,2
BRDA:3,3,0,2
BRDA:3,3,1,0
BRDA:4,4,0,3
BRDA:4,4,1,0
BRDA:4,5,0,3
BRDA:4,5,1,3
BRDA:5,6,0,0
BRDA:5,6,1,0
BRDA:5,7,0,0
BRDA:5,7,1,0
BRDA:5,8,0,0
BRDA:5,8,1,0
BRDA:5,9,0,0
BRDA:5,9,1,0
BRDA:6,10,0,3
BRDA:6,10,1,2
BRDA:6,10,2,2
BRDA:8,11,0,1
BRDA:8,11,1,1
BRDA:8,11,2,1
BRDA:9,12,0,7
BRDA:9,12,1,0
BRDA:9,13,0,7
BRDA:9,13,1,7
BRDA:11,14,0,1
BRDA:11,14,1,1
BRDA:11,14,2,1
BRDA:14,15,0,1
BRDA:14,15,1,1
BRDA:14,15,2,1
BRDA:15,16,0,0
BRDA:15,16,1,0
BRDA:18,17,0,0
BRDA:18,17,1,0
BRDA:19,18,0,0
BRDA:19,18,1,0
BRF:41
BRH:24
end_of_record
TN:
SF:E:\whiteapi-express-ts\dist\middlewares\Auth.middleware.js
FN:2,(anonymous_1)
FN:13,(anonymous_2)
FNF:2
FNH:2
FNDA:1,(anonymous_1)
FNDA:2,(anonymous_2)
DA:2,1
DA:3,1
DA:4,1
DA:5,0
DA:6,1
DA:8,1
DA:9,1
DA:10,1
DA:14,2
DA:17,1
DA:20,1
LF:11
LH:10
BRDA:2,1,0,1
BRDA:2,1,1,1
BRDA:2,1,2,1
BRDA:3,2,0,1
BRDA:3,2,1,0
BRDA:3,3,0,0
BRDA:3,3,1,0
BRDA:4,4,0,1
BRDA:4,4,1,0
BRDA:4,5,0,1
BRDA:4,5,1,1
BRDA:5,6,0,0
BRDA:5,6,1,0
BRDA:5,7,0,0
BRDA:5,7,1,0
BRDA:5,8,0,0
BRDA:5,8,1,0
BRDA:5,9,0,0
BRDA:5,9,1,0
BRDA:6,10,0,1
BRDA:6,10,1,0
BRDA:6,10,2,0
BRF:22
BRH:8
end_of_record
